0 info it worked if it ends with ok
1 verbose cli [ '/usr/local/bin/node', '/usr/local/bin/npm', 'init' ]
2 info using npm@2.5.1
3 info using node@v0.12.0
4 silly package data { name: 'fastandsmart',
4 silly package data   version: '1.0.0',
4 silly package data   description: 'Real time exam application',
4 silly package data   main: 'index.js',
4 silly package data   scripts:
4 silly package data    { test: 'echo "Error: no test specified" && exit 1',
4 silly package data      start: 'node server.js' },
4 silly package data   author: 'Dimitar Mirchev <dimitar.mirchev96@gmail.com> (http://dirchev.me/)',
4 silly package data   license: 'ISC',
4 silly package data   dependencies:
4 silly package data    { 'body-parser': '^1.12.3',
4 silly package data      ejs: '^2.3.1',
4 silly package data      express: '^4.12.3',
4 silly package data      mongoose: '^4.0.2',
4 silly package data      'socket.io': '^1.3.5' },
4 silly package data   devDependencies: {} }
5 info init written successfully
6 verbose stack Error: EACCES, open '/home/dirchev/Developement/webloz15_workshop/server/package.json'
6 verbose stack     at Error (native)
7 verbose cwd /home/dirchev/Developement/webloz15_workshop/server
8 error Linux 3.16.0-31-generic
9 error argv "/usr/local/bin/node" "/usr/local/bin/npm" "init"
10 error node v0.12.0
11 error npm  v2.5.1
12 error path /home/dirchev/Developement/webloz15_workshop/server/package.json
13 error code EACCES
14 error errno -13
15 error Error: EACCES, open '/home/dirchev/Developement/webloz15_workshop/server/package.json'
15 error     at Error (native)
15 error  { [Error: EACCES, open '/home/dirchev/Developement/webloz15_workshop/server/package.json']
15 error   errno: -13,
15 error   code: 'EACCES',
15 error   path: '/home/dirchev/Developement/webloz15_workshop/server/package.json' }
16 error Please try running this command again as root/Administrator.
17 verbose exit [ -13, true ]
